<?xml version="1.0" encoding="UTF-8"?>
<testsuite name="com.ibm.crtbackend.CrtBackendApplicationTests" tests="1" skipped="0" failures="0" errors="0" timestamp="2019-11-07T18:30:16" hostname="ISD-PC0L38D6" time="0.177">
  <properties/>
  <testcase name="contextLoads()" classname="com.ibm.crtbackend.CrtBackendApplicationTests" time="0.177"/>
  <system-out><![CDATA[02:30:08.589 [Test worker] DEBUG org.springframework.test.context.BootstrapUtils - Instantiating CacheAwareContextLoaderDelegate from class [org.springframework.test.context.cache.DefaultCacheAwareContextLoaderDelegate]
02:30:08.619 [Test worker] DEBUG org.springframework.test.context.BootstrapUtils - Instantiating BootstrapContext using constructor [public org.springframework.test.context.support.DefaultBootstrapContext(java.lang.Class,org.springframework.test.context.CacheAwareContextLoaderDelegate)]
02:30:08.658 [Test worker] DEBUG org.springframework.test.context.BootstrapUtils - Instantiating TestContextBootstrapper for test class [com.ibm.crtbackend.CrtBackendApplicationTests] from class [org.springframework.boot.test.context.SpringBootTestContextBootstrapper]
02:30:08.700 [Test worker] INFO org.springframework.boot.test.context.SpringBootTestContextBootstrapper - Neither @ContextConfiguration nor @ContextHierarchy found for test class [com.ibm.crtbackend.CrtBackendApplicationTests], using SpringBootContextLoader
02:30:08.705 [Test worker] DEBUG org.springframework.test.context.support.AbstractContextLoader - Did not detect default resource location for test class [com.ibm.crtbackend.CrtBackendApplicationTests]: class path resource [com/ibm/crtbackend/CrtBackendApplicationTests-context.xml] does not exist
02:30:08.706 [Test worker] DEBUG org.springframework.test.context.support.AbstractContextLoader - Did not detect default resource location for test class [com.ibm.crtbackend.CrtBackendApplicationTests]: class path resource [com/ibm/crtbackend/CrtBackendApplicationTestsContext.groovy] does not exist
02:30:08.706 [Test worker] INFO org.springframework.test.context.support.AbstractContextLoader - Could not detect default resource locations for test class [com.ibm.crtbackend.CrtBackendApplicationTests]: no resource found for suffixes {-context.xml, Context.groovy}.
02:30:08.707 [Test worker] INFO org.springframework.test.context.support.AnnotationConfigContextLoaderUtils - Could not detect default configuration classes for test class [com.ibm.crtbackend.CrtBackendApplicationTests]: CrtBackendApplicationTests does not declare any static, non-private, non-final, nested classes annotated with @Configuration.
02:30:08.788 [Test worker] DEBUG org.springframework.test.context.support.ActiveProfilesUtils - Could not find an 'annotation declaring class' for annotation type [org.springframework.test.context.ActiveProfiles] and class [com.ibm.crtbackend.CrtBackendApplicationTests]
02:30:08.895 [Test worker] DEBUG org.springframework.context.annotation.ClassPathScanningCandidateComponentProvider - Identified candidate component class: file [C:\codebase\crt-backend\build\classes\java\main\com\ibm\crtbackend\CrtBackendApplication.class]
02:30:08.900 [Test worker] INFO org.springframework.boot.test.context.SpringBootTestContextBootstrapper - Found @SpringBootConfiguration com.ibm.crtbackend.CrtBackendApplication for test class com.ibm.crtbackend.CrtBackendApplicationTests
02:30:09.105 [Test worker] DEBUG org.springframework.boot.test.context.SpringBootTestContextBootstrapper - @TestExecutionListeners is not present for class [com.ibm.crtbackend.CrtBackendApplicationTests]: using defaults.
02:30:09.107 [Test worker] INFO org.springframework.boot.test.context.SpringBootTestContextBootstrapper - Loaded default TestExecutionListener class names from location [META-INF/spring.factories]: [org.springframework.boot.test.autoconfigure.restdocs.RestDocsTestExecutionListener, org.springframework.boot.test.autoconfigure.web.client.MockRestServiceServerResetTestExecutionListener, org.springframework.boot.test.autoconfigure.web.servlet.MockMvcPrintOnlyOnFailureTestExecutionListener, org.springframework.boot.test.autoconfigure.web.servlet.WebDriverTestExecutionListener, org.springframework.boot.test.mock.mockito.MockitoTestExecutionListener, org.springframework.boot.test.mock.mockito.ResetMocksTestExecutionListener, org.springframework.test.context.web.ServletTestExecutionListener, org.springframework.test.context.support.DirtiesContextBeforeModesTestExecutionListener, org.springframework.test.context.support.DependencyInjectionTestExecutionListener, org.springframework.test.context.support.DirtiesContextTestExecutionListener, org.springframework.test.context.transaction.TransactionalTestExecutionListener, org.springframework.test.context.jdbc.SqlScriptsTestExecutionListener, org.springframework.test.context.event.EventPublishingTestExecutionListener]
02:30:09.154 [Test worker] INFO org.springframework.boot.test.context.SpringBootTestContextBootstrapper - Using TestExecutionListeners: [org.springframework.test.context.web.ServletTestExecutionListener@4f0c692b, org.springframework.test.context.support.DirtiesContextBeforeModesTestExecutionListener@657bda4a, org.springframework.boot.test.mock.mockito.MockitoTestExecutionListener@23290114, org.springframework.boot.test.autoconfigure.SpringBootDependencyInjectionTestExecutionListener@dd13d44, org.springframework.test.context.support.DirtiesContextTestExecutionListener@21b858e4, org.springframework.test.context.transaction.TransactionalTestExecutionListener@1aaa6f13, org.springframework.test.context.jdbc.SqlScriptsTestExecutionListener@71e0ecf3, org.springframework.test.context.event.EventPublishingTestExecutionListener@75dfc496, org.springframework.boot.test.autoconfigure.restdocs.RestDocsTestExecutionListener@16c3cdb1, org.springframework.boot.test.autoconfigure.web.client.MockRestServiceServerResetTestExecutionListener@5f58ea8d, org.springframework.boot.test.autoconfigure.web.servlet.MockMvcPrintOnlyOnFailureTestExecutionListener@29a912e1, org.springframework.boot.test.autoconfigure.web.servlet.WebDriverTestExecutionListener@22d99836, org.springframework.boot.test.mock.mockito.ResetMocksTestExecutionListener@2a7f6799]
02:30:09.161 [Test worker] DEBUG org.springframework.test.context.support.AbstractDirtiesContextTestExecutionListener - Before test class: context [DefaultTestContext@7f844d01 testClass = CrtBackendApplicationTests, testInstance = [null], testMethod = [null], testException = [null], mergedContextConfiguration = [WebMergedContextConfiguration@45270ae0 testClass = CrtBackendApplicationTests, locations = '{}', classes = '{class com.ibm.crtbackend.CrtBackendApplication}', contextInitializerClasses = '[]', activeProfiles = '{}', propertySourceLocations = '{}', propertySourceProperties = '{org.springframework.boot.test.context.SpringBootTestContextBootstrapper=true}', contextCustomizers = set[org.springframework.boot.test.autoconfigure.properties.PropertyMappingContextCustomizer@0, org.springframework.boot.test.autoconfigure.web.servlet.WebDriverContextCustomizerFactory$Customizer@50367e0b, org.springframework.boot.test.context.filter.ExcludeFilterContextCustomizer@4c8297e6, org.springframework.boot.test.json.DuplicateJsonObjectContextCustomizerFactory$DuplicateJsonObjectContextCustomizer@5c62fbd4, org.springframework.boot.test.mock.mockito.MockitoContextCustomizer@0, org.springframework.boot.test.web.client.TestRestTemplateContextCustomizer@265528c1], resourceBasePath = 'src/main/webapp', contextLoader = 'org.springframework.boot.test.context.SpringBootContextLoader', parent = [null]], attributes = map['org.springframework.test.context.web.ServletTestExecutionListener.activateListener' -> true]], class annotated with @DirtiesContext [false] with mode [null].
02:30:09.208 [Test worker] DEBUG org.springframework.test.context.support.TestPropertySourceUtils - Adding inlined properties to environment: {spring.jmx.enabled=false, org.springframework.boot.test.context.SpringBootTestContextBootstrapper=true, server.port=-1}

  .   ____          _            __ _ _
 /\\ / ___'_ __ _ _(_)_ __  __ _ \ \ \ \
( ( )\___ | '_ | '_| | '_ \/ _` | \ \ \ \
 \\/  ___)| |_)| | | | | || (_| |  ) ) ) )
  '  |____| .__|_| |_|_| |_\__, | / / / /
 =========|_|==============|___/=/_/_/_/
 :: Spring Boot ::        (v2.2.1.RELEASE)

2019-11-08 02:30:09.709  INFO 13612 --- [    Test worker] c.i.c.CrtBackendApplicationTests         : Starting CrtBackendApplicationTests on ISD-PC0L38D6 with PID 13612 (started by P101H1 in C:\codebase\crt-backend)
2019-11-08 02:30:09.712  INFO 13612 --- [    Test worker] c.i.c.CrtBackendApplicationTests         : No active profile set, falling back to default profiles: default
2019-11-08 02:30:11.563  INFO 13612 --- [    Test worker] .s.d.r.c.RepositoryConfigurationDelegate : Bootstrapping Spring Data repositories in DEFAULT mode.
2019-11-08 02:30:11.602  INFO 13612 --- [    Test worker] .s.d.r.c.RepositoryConfigurationDelegate : Finished Spring Data repository scanning in 25ms. Found 0 repository interfaces.
2019-11-08 02:30:12.229  INFO 13612 --- [    Test worker] trationDelegate$BeanPostProcessorChecker : Bean 'org.springframework.transaction.annotation.ProxyTransactionManagementConfiguration' of type [org.springframework.transaction.annotation.ProxyTransactionManagementConfiguration] is not eligible for getting processed by all BeanPostProcessors (for example: not eligible for auto-proxying)
2019-11-08 02:30:12.571  INFO 13612 --- [    Test worker] com.zaxxer.hikari.HikariDataSource       : HikariPool-1 - Starting...
2019-11-08 02:30:13.039  INFO 13612 --- [    Test worker] com.zaxxer.hikari.HikariDataSource       : HikariPool-1 - Start completed.
2019-11-08 02:30:13.178  INFO 13612 --- [    Test worker] o.hibernate.jpa.internal.util.LogHelper  : HHH000204: Processing PersistenceUnitInfo [name: default]
2019-11-08 02:30:13.322  INFO 13612 --- [    Test worker] org.hibernate.Version                    : HHH000412: Hibernate Core {5.4.8.Final}
2019-11-08 02:30:13.603  INFO 13612 --- [    Test worker] o.hibernate.annotations.common.Version   : HCANN000001: Hibernate Commons Annotations {5.1.0.Final}
2019-11-08 02:30:13.896  INFO 13612 --- [    Test worker] org.hibernate.dialect.Dialect            : HHH000400: Using dialect: org.hibernate.dialect.H2Dialect
2019-11-08 02:30:14.391  INFO 13612 --- [    Test worker] o.h.e.t.j.p.i.JtaPlatformInitiator       : HHH000490: Using JtaPlatform implementation: [org.hibernate.engine.transaction.jta.platform.internal.NoJtaPlatform]
2019-11-08 02:30:14.410  INFO 13612 --- [    Test worker] j.LocalContainerEntityManagerFactoryBean : Initialized JPA EntityManagerFactory for persistence unit 'default'
2019-11-08 02:30:14.913  WARN 13612 --- [    Test worker] JpaBaseConfiguration$JpaWebConfiguration : spring.jpa.open-in-view is enabled by default. Therefore, database queries may be performed during view rendering. Explicitly configure spring.jpa.open-in-view to disable this warning
2019-11-08 02:30:15.700  INFO 13612 --- [    Test worker] o.s.s.concurrent.ThreadPoolTaskExecutor  : Initializing ExecutorService 'applicationTaskExecutor'
2019-11-08 02:30:16.763  INFO 13612 --- [    Test worker] o.s.b.a.e.web.EndpointLinksResolver      : Exposing 2 endpoint(s) beneath base path '/actuator'
2019-11-08 02:30:16.877  INFO 13612 --- [    Test worker] c.i.c.CrtBackendApplicationTests         : Started CrtBackendApplicationTests in 7.653 seconds (JVM running for 10.163)
]]></system-out>
  <system-err><![CDATA[]]></system-err>
</testsuite>
