<?xml version="1.0" encoding="UTF-8"?>
<testsuite name="com.ibm.crtbackend.CrtBackendApplicationTests" tests="1" skipped="0" failures="0" errors="0" timestamp="2019-11-07T18:59:41" hostname="ISDPF0ZK8DV" time="0.121">
  <properties/>
  <testcase name="contextLoads()" classname="com.ibm.crtbackend.CrtBackendApplicationTests" time="0.121"/>
  <system-out><![CDATA[02:59:34.965 [Test worker] DEBUG org.springframework.test.context.BootstrapUtils - Instantiating CacheAwareContextLoaderDelegate from class [org.springframework.test.context.cache.DefaultCacheAwareContextLoaderDelegate]
02:59:34.988 [Test worker] DEBUG org.springframework.test.context.BootstrapUtils - Instantiating BootstrapContext using constructor [public org.springframework.test.context.support.DefaultBootstrapContext(java.lang.Class,org.springframework.test.context.CacheAwareContextLoaderDelegate)]
02:59:35.026 [Test worker] DEBUG org.springframework.test.context.BootstrapUtils - Instantiating TestContextBootstrapper for test class [com.ibm.crtbackend.CrtBackendApplicationTests] from class [org.springframework.boot.test.context.SpringBootTestContextBootstrapper]
02:59:35.048 [Test worker] INFO org.springframework.boot.test.context.SpringBootTestContextBootstrapper - Neither @ContextConfiguration nor @ContextHierarchy found for test class [com.ibm.crtbackend.CrtBackendApplicationTests], using SpringBootContextLoader
02:59:35.052 [Test worker] DEBUG org.springframework.test.context.support.AbstractContextLoader - Did not detect default resource location for test class [com.ibm.crtbackend.CrtBackendApplicationTests]: class path resource [com/ibm/crtbackend/CrtBackendApplicationTests-context.xml] does not exist
02:59:35.053 [Test worker] DEBUG org.springframework.test.context.support.AbstractContextLoader - Did not detect default resource location for test class [com.ibm.crtbackend.CrtBackendApplicationTests]: class path resource [com/ibm/crtbackend/CrtBackendApplicationTestsContext.groovy] does not exist
02:59:35.053 [Test worker] INFO org.springframework.test.context.support.AbstractContextLoader - Could not detect default resource locations for test class [com.ibm.crtbackend.CrtBackendApplicationTests]: no resource found for suffixes {-context.xml, Context.groovy}.
02:59:35.054 [Test worker] INFO org.springframework.test.context.support.AnnotationConfigContextLoaderUtils - Could not detect default configuration classes for test class [com.ibm.crtbackend.CrtBackendApplicationTests]: CrtBackendApplicationTests does not declare any static, non-private, non-final, nested classes annotated with @Configuration.
02:59:35.110 [Test worker] DEBUG org.springframework.test.context.support.ActiveProfilesUtils - Could not find an 'annotation declaring class' for annotation type [org.springframework.test.context.ActiveProfiles] and class [com.ibm.crtbackend.CrtBackendApplicationTests]
02:59:35.318 [Test worker] DEBUG org.springframework.context.annotation.ClassPathScanningCandidateComponentProvider - Identified candidate component class: file [C:\Users\P101FZ\eclipse-workspace\crt-backend\crt-backend\build\classes\java\main\com\ibm\crtbackend\CrtBackendApplication.class]
02:59:35.337 [Test worker] INFO org.springframework.boot.test.context.SpringBootTestContextBootstrapper - Found @SpringBootConfiguration com.ibm.crtbackend.CrtBackendApplication for test class com.ibm.crtbackend.CrtBackendApplicationTests
02:59:35.489 [Test worker] DEBUG org.springframework.boot.test.context.SpringBootTestContextBootstrapper - @TestExecutionListeners is not present for class [com.ibm.crtbackend.CrtBackendApplicationTests]: using defaults.
02:59:35.491 [Test worker] INFO org.springframework.boot.test.context.SpringBootTestContextBootstrapper - Loaded default TestExecutionListener class names from location [META-INF/spring.factories]: [org.springframework.boot.test.autoconfigure.restdocs.RestDocsTestExecutionListener, org.springframework.boot.test.autoconfigure.web.client.MockRestServiceServerResetTestExecutionListener, org.springframework.boot.test.autoconfigure.web.servlet.MockMvcPrintOnlyOnFailureTestExecutionListener, org.springframework.boot.test.autoconfigure.web.servlet.WebDriverTestExecutionListener, org.springframework.boot.test.mock.mockito.MockitoTestExecutionListener, org.springframework.boot.test.mock.mockito.ResetMocksTestExecutionListener, org.springframework.test.context.web.ServletTestExecutionListener, org.springframework.test.context.support.DirtiesContextBeforeModesTestExecutionListener, org.springframework.test.context.support.DependencyInjectionTestExecutionListener, org.springframework.test.context.support.DirtiesContextTestExecutionListener, org.springframework.test.context.transaction.TransactionalTestExecutionListener, org.springframework.test.context.jdbc.SqlScriptsTestExecutionListener, org.springframework.test.context.event.EventPublishingTestExecutionListener]
02:59:35.526 [Test worker] INFO org.springframework.boot.test.context.SpringBootTestContextBootstrapper - Using TestExecutionListeners: [org.springframework.test.context.web.ServletTestExecutionListener@62559a8a, org.springframework.test.context.support.DirtiesContextBeforeModesTestExecutionListener@48335e29, org.springframework.boot.test.mock.mockito.MockitoTestExecutionListener@161ace49, org.springframework.boot.test.autoconfigure.SpringBootDependencyInjectionTestExecutionListener@409c8369, org.springframework.test.context.support.DirtiesContextTestExecutionListener@ed3d03a, org.springframework.test.context.transaction.TransactionalTestExecutionListener@5c4305df, org.springframework.test.context.jdbc.SqlScriptsTestExecutionListener@1cebe098, org.springframework.test.context.event.EventPublishingTestExecutionListener@3848bfa7, org.springframework.boot.test.autoconfigure.restdocs.RestDocsTestExecutionListener@288afa94, org.springframework.boot.test.autoconfigure.web.client.MockRestServiceServerResetTestExecutionListener@6ca36fa7, org.springframework.boot.test.autoconfigure.web.servlet.MockMvcPrintOnlyOnFailureTestExecutionListener@2f8fad8b, org.springframework.boot.test.autoconfigure.web.servlet.WebDriverTestExecutionListener@52c78a5a, org.springframework.boot.test.mock.mockito.ResetMocksTestExecutionListener@2de684cc]
02:59:35.530 [Test worker] DEBUG org.springframework.test.context.support.AbstractDirtiesContextTestExecutionListener - Before test class: context [DefaultTestContext@113947c9 testClass = CrtBackendApplicationTests, testInstance = [null], testMethod = [null], testException = [null], mergedContextConfiguration = [WebMergedContextConfiguration@42cd9140 testClass = CrtBackendApplicationTests, locations = '{}', classes = '{class com.ibm.crtbackend.CrtBackendApplication}', contextInitializerClasses = '[]', activeProfiles = '{}', propertySourceLocations = '{}', propertySourceProperties = '{org.springframework.boot.test.context.SpringBootTestContextBootstrapper=true}', contextCustomizers = set[org.springframework.boot.test.autoconfigure.properties.PropertyMappingContextCustomizer@0, org.springframework.boot.test.autoconfigure.web.servlet.WebDriverContextCustomizerFactory$Customizer@78c55d05, org.springframework.boot.test.context.filter.ExcludeFilterContextCustomizer@1584006, org.springframework.boot.test.json.DuplicateJsonObjectContextCustomizerFactory$DuplicateJsonObjectContextCustomizer@391b3c88, org.springframework.boot.test.mock.mockito.MockitoContextCustomizer@0, org.springframework.boot.test.web.client.TestRestTemplateContextCustomizer@5477e67], resourceBasePath = 'src/main/webapp', contextLoader = 'org.springframework.boot.test.context.SpringBootContextLoader', parent = [null]], attributes = map['org.springframework.test.context.web.ServletTestExecutionListener.activateListener' -> true]], class annotated with @DirtiesContext [false] with mode [null].
02:59:35.564 [Test worker] DEBUG org.springframework.test.context.support.TestPropertySourceUtils - Adding inlined properties to environment: {spring.jmx.enabled=false, org.springframework.boot.test.context.SpringBootTestContextBootstrapper=true, server.port=-1}

  .   ____          _            __ _ _
 /\\ / ___'_ __ _ _(_)_ __  __ _ \ \ \ \
( ( )\___ | '_ | '_| | '_ \/ _` | \ \ \ \
 \\/  ___)| |_)| | | | | || (_| |  ) ) ) )
  '  |____| .__|_| |_|_| |_\__, | / / / /
 =========|_|==============|___/=/_/_/_/
 :: Spring Boot ::        (v2.2.1.RELEASE)

2019-11-08 02:59:35.975  INFO 7444 --- [    Test worker] c.i.c.CrtBackendApplicationTests         : Starting CrtBackendApplicationTests on ISDPF0ZK8DV with PID 7444 (started by P101FZ in C:\Users\P101FZ\eclipse-workspace\crt-backend\crt-backend)
2019-11-08 02:59:35.977  INFO 7444 --- [    Test worker] c.i.c.CrtBackendApplicationTests         : No active profile set, falling back to default profiles: default
2019-11-08 02:59:37.626  INFO 7444 --- [    Test worker] .s.d.r.c.RepositoryConfigurationDelegate : Bootstrapping Spring Data repositories in DEFAULT mode.
2019-11-08 02:59:37.662  INFO 7444 --- [    Test worker] .s.d.r.c.RepositoryConfigurationDelegate : Finished Spring Data repository scanning in 19ms. Found 0 repository interfaces.
2019-11-08 02:59:38.113  INFO 7444 --- [    Test worker] trationDelegate$BeanPostProcessorChecker : Bean 'org.springframework.transaction.annotation.ProxyTransactionManagementConfiguration' of type [org.springframework.transaction.annotation.ProxyTransactionManagementConfiguration] is not eligible for getting processed by all BeanPostProcessors (for example: not eligible for auto-proxying)
2019-11-08 02:59:38.432  INFO 7444 --- [    Test worker] com.zaxxer.hikari.HikariDataSource       : HikariPool-1 - Starting...
2019-11-08 02:59:38.818  INFO 7444 --- [    Test worker] com.zaxxer.hikari.HikariDataSource       : HikariPool-1 - Start completed.
2019-11-08 02:59:38.917  INFO 7444 --- [    Test worker] o.hibernate.jpa.internal.util.LogHelper  : HHH000204: Processing PersistenceUnitInfo [name: default]
2019-11-08 02:59:39.044  INFO 7444 --- [    Test worker] org.hibernate.Version                    : HHH000412: Hibernate Core {5.4.8.Final}
2019-11-08 02:59:39.308  INFO 7444 --- [    Test worker] o.hibernate.annotations.common.Version   : HCANN000001: Hibernate Commons Annotations {5.1.0.Final}
2019-11-08 02:59:39.548  INFO 7444 --- [    Test worker] org.hibernate.dialect.Dialect            : HHH000400: Using dialect: org.hibernate.dialect.H2Dialect
2019-11-08 02:59:39.805  INFO 7444 --- [    Test worker] o.h.e.t.j.p.i.JtaPlatformInitiator       : HHH000490: Using JtaPlatform implementation: [org.hibernate.engine.transaction.jta.platform.internal.NoJtaPlatform]
2019-11-08 02:59:39.814  INFO 7444 --- [    Test worker] j.LocalContainerEntityManagerFactoryBean : Initialized JPA EntityManagerFactory for persistence unit 'default'
2019-11-08 02:59:40.194  WARN 7444 --- [    Test worker] JpaBaseConfiguration$JpaWebConfiguration : spring.jpa.open-in-view is enabled by default. Therefore, database queries may be performed during view rendering. Explicitly configure spring.jpa.open-in-view to disable this warning
2019-11-08 02:59:40.825  INFO 7444 --- [    Test worker] o.s.s.concurrent.ThreadPoolTaskExecutor  : Initializing ExecutorService 'applicationTaskExecutor'
2019-11-08 02:59:41.761  INFO 7444 --- [    Test worker] o.s.b.a.e.web.EndpointLinksResolver      : Exposing 2 endpoint(s) beneath base path '/actuator'
2019-11-08 02:59:41.850  INFO 7444 --- [    Test worker] c.i.c.CrtBackendApplicationTests         : Started CrtBackendApplicationTests in 6.275 seconds (JVM running for 8.443)
]]></system-out>
  <system-err><![CDATA[]]></system-err>
</testsuite>
